<?xml version="1.0" encoding="UTF-8"?>
<!-- Generated by org.testng.reporters.JUnitReportReporter -->
<testsuite hostname="PC" failures="0" tests="8" name="com.hyr.Tests.TestDependency" time="0.048" errors="0" timestamp="2022-04-04T21:37:34 IST" skipped="0">
  <testcase classname="com.hyr.Tests.TestDependency" name="a" time="0.009"/>
  <system-out/>
  <testcase classname="com.hyr.Tests.TestDependency" name="s" time="0.002"/>
  <system-out/>
  <testcase classname="com.hyr.Tests.TestDependency" name="t" time="0.005"/>
  <system-out/>
  <testcase classname="com.hyr.Tests.TestDependency" name="y" time="0.010"/>
  <system-out/>
  <testcase classname="com.hyr.Tests.TestDependency" name="x" time="0.004"/>
  <system-out/>
  <testcase classname="com.hyr.Tests.TestDependency" name="c" time="0.013"/>
  <system-out/>
  <testcase classname="com.hyr.Tests.TestDependency" name="d" time="0.004"/>
  <system-out/>
  <testcase classname="com.hyr.Tests.TestDependency" name="b" time="0.001"/>
  <system-out/>
</testsuite> <!-- com.hyr.Tests.TestDependency -->
